<?xml version="1.0" encoding="UTF-8"?>
<!-- Generated by org.testng.reporters.JUnitReportReporter -->
<testsuite name="com.ivl.qa.runner.TestRunner" tests="1" time="218.457" ignored="0" failures="0" timestamp="15 Apr 2020 10:46:20 GMT" skipped="0" hostname="HIJ-LP135" errors="0">
  <testcase name="feature" time="218.457" classname="com.ivl.qa.runner.TestRunner"/>
</testsuite> <!-- com.ivl.qa.runner.TestRunner -->
